2023-02-15 13:55:35,623:INFO:PyCaret Supervised Module
2023-02-15 13:55:35,624:INFO:ML Usecase: regression
2023-02-15 13:55:35,624:INFO:version 2.2.2
2023-02-15 13:55:35,624:INFO:Initializing setup()
2023-02-15 13:55:35,624:INFO:setup(target=Price, ml_usecase=regression, available_plots={'parameter': 'Hyperparameters', 'residuals': 'Residuals', 'error': 'Prediction Error', 'cooks': 'Cooks Distance', 'rfe': 'Feature Selection', 'learning': 'Learning Curve', 'manifold': 'Manifold Learning', 'vc': 'Validation Curve', 'feature': 'Feature Importance', 'feature_all': 'Feature Importance (All)', 'tree': 'Decision Tree'}, train_size=0.7, test_data=None, preprocess=True, imputation_type=simple, iterative_imputation_iters=5, categorical_features=None, categorical_imputation=constant, categorical_iterative_imputer=lightgbm, ordinal_features=None, high_cardinality_features=None, high_cardinality_method=frequency, numeric_features=None, numeric_imputation=mean, numeric_iterative_imputer=lightgbm, date_features=None, ignore_features=None, normalize=False, normalize_method=zscore, transformation=False, transformation_method=yeo-johnson, handle_unknown_categorical=True, unknown_categorical_method=least_frequent, pca=False, pca_method=linear, pca_components=None, ignore_low_variance=False, combine_rare_levels=False, rare_level_threshold=0.1, bin_numeric_features=None, remove_outliers=False, outliers_threshold=0.05, remove_multicollinearity=False, multicollinearity_threshold=0.9, remove_perfect_collinearity=True, create_clusters=False, cluster_iter=20, polynomial_features=False, polynomial_degree=2, trigonometry_features=False, polynomial_threshold=0.1, group_features=None, group_names=None, feature_selection=False, feature_selection_threshold=0.8, feature_selection_method=classic, feature_interaction=False, feature_ratio=False, interaction_threshold=0.01, fix_imbalance=False, fix_imbalance_method=None, transform_target=True, transform_target_method=box-cox, data_split_shuffle=True, data_split_stratify=False, fold_strategy=kfold, fold=10, fold_shuffle=False, fold_groups=None, n_jobs=-1, use_gpu=False, custom_pipeline=None, html=True, session_id=None, log_experiment=True, experiment_name=diamond, log_plots=False, log_profile=False, log_data=False, silent=False, verbose=True, profile=False, profile_kwargs=None, display=None)
2023-02-15 13:55:35,624:INFO:Checking environment
2023-02-15 13:55:35,624:INFO:python_version: 3.9.12
2023-02-15 13:55:35,624:INFO:python_build: ('main', 'Apr  4 2022 05:22:27')
2023-02-15 13:55:35,624:INFO:machine: AMD64
2023-02-15 13:55:35,624:INFO:platform: Windows-10-10.0.22621-SP0
2023-02-15 13:55:35,624:INFO:Memory: svmem(total=34043187200, available=18188980224, percent=46.6, used=15854206976, free=18188980224)
2023-02-15 13:55:35,624:INFO:Physical Core: 4
2023-02-15 13:55:35,624:INFO:Logical Core: 8
2023-02-15 13:55:35,624:INFO:Checking libraries
2023-02-15 13:55:35,624:INFO:pd==1.4.2
2023-02-15 13:55:35,624:INFO:numpy==1.21.5
2023-02-15 13:55:35,625:INFO:sklearn==1.0.2
2023-02-15 13:55:35,731:INFO:xgboost==1.7.3
2023-02-15 13:55:35,731:INFO:lightgbm==3.3.5
2023-02-15 13:55:36,010:INFO:catboost==1.1.1
2023-02-15 13:55:38,476:INFO:mlflow==2.1.1
2023-02-15 13:55:38,476:INFO:Checking Exceptions
2023-02-15 13:55:38,476:INFO:Declaring global variables
2023-02-15 13:55:38,477:INFO:USI: ab1e
2023-02-15 13:55:38,477:INFO:pycaret_globals: {'X_test', 'seed', 'data_before_preprocess', 'y_train', 'iterative_imputation_iters_param', 'USI', '_internal_pipeline', 'fold_param', 'display_container', 'imputation_regressor', '_ml_usecase', 'X_train', 'html_param', '_available_plots', 'prep_pipe', 'experiment__', 'target_param', 'exp_name_log', 'log_plots_param', '_gpu_n_jobs_param', 'n_jobs_param', '_all_models_internal', 'master_model_container', 'create_model_container', 'y_test', 'imputation_classifier', 'fix_imbalance_method_param', 'transform_target_param', 'transform_target_method_param', '_all_metrics', 'logging_param', 'fold_groups_param', 'fold_shuffle_param', 'fix_imbalance_param', 'y', 'stratify_param', 'X', 'pycaret_globals', 'gpu_param', 'fold_generator', '_all_models'}
2023-02-15 13:55:38,477:INFO:Preparing display monitor
2023-02-15 13:55:38,477:INFO:Preparing display monitor
2023-02-15 13:55:38,497:INFO:Importing libraries
2023-02-15 13:55:38,498:INFO:Copying data for preprocessing
2023-02-15 13:55:38,507:INFO:Declaring preprocessing parameters
2023-02-15 13:55:38,510:INFO:Creating preprocessing pipeline
2023-02-15 13:55:38,525:INFO:Preprocessing pipeline created successfully
2023-02-15 13:55:38,525:ERROR:(Process Exit): setup has been interupted with user command 'quit'. setup must rerun.
2023-02-15 13:55:38,525:INFO:Creating global containers
2023-02-15 13:56:40,150:INFO:Initializing compare_models()
2023-02-15 13:56:40,150:INFO:compare_models(include=None, fold=None, round=4, cross_validation=True, sort=R2, n_select=1, budget_time=None, turbo=True, errors=ignore, fit_kwargs=None, groups=None, verbose=True, display=None, exclude=None)
2023-02-15 13:56:40,150:INFO:Checking exceptions
2023-02-15 13:56:53,624:INFO:PyCaret Supervised Module
2023-02-15 13:56:53,624:INFO:ML Usecase: regression
2023-02-15 13:56:53,624:INFO:version 2.2.2
2023-02-15 13:56:53,624:INFO:Initializing setup()
2023-02-15 13:56:53,624:INFO:setup(target=Price, ml_usecase=regression, available_plots={'parameter': 'Hyperparameters', 'residuals': 'Residuals', 'error': 'Prediction Error', 'cooks': 'Cooks Distance', 'rfe': 'Feature Selection', 'learning': 'Learning Curve', 'manifold': 'Manifold Learning', 'vc': 'Validation Curve', 'feature': 'Feature Importance', 'feature_all': 'Feature Importance (All)', 'tree': 'Decision Tree'}, train_size=0.7, test_data=None, preprocess=True, imputation_type=simple, iterative_imputation_iters=5, categorical_features=None, categorical_imputation=constant, categorical_iterative_imputer=lightgbm, ordinal_features=None, high_cardinality_features=None, high_cardinality_method=frequency, numeric_features=None, numeric_imputation=mean, numeric_iterative_imputer=lightgbm, date_features=None, ignore_features=None, normalize=False, normalize_method=zscore, transformation=False, transformation_method=yeo-johnson, handle_unknown_categorical=True, unknown_categorical_method=least_frequent, pca=False, pca_method=linear, pca_components=None, ignore_low_variance=False, combine_rare_levels=False, rare_level_threshold=0.1, bin_numeric_features=None, remove_outliers=False, outliers_threshold=0.05, remove_multicollinearity=False, multicollinearity_threshold=0.9, remove_perfect_collinearity=True, create_clusters=False, cluster_iter=20, polynomial_features=False, polynomial_degree=2, trigonometry_features=False, polynomial_threshold=0.1, group_features=None, group_names=None, feature_selection=False, feature_selection_threshold=0.8, feature_selection_method=classic, feature_interaction=False, feature_ratio=False, interaction_threshold=0.01, fix_imbalance=False, fix_imbalance_method=None, transform_target=True, transform_target_method=box-cox, data_split_shuffle=True, data_split_stratify=False, fold_strategy=kfold, fold=10, fold_shuffle=False, fold_groups=None, n_jobs=-1, use_gpu=False, custom_pipeline=None, html=True, session_id=None, log_experiment=True, experiment_name=diamond, log_plots=False, log_profile=False, log_data=False, silent=False, verbose=True, profile=False, profile_kwargs=None, display=None)
2023-02-15 13:56:53,624:INFO:Checking environment
2023-02-15 13:56:53,624:INFO:python_version: 3.9.12
2023-02-15 13:56:53,624:INFO:python_build: ('main', 'Apr  4 2022 05:22:27')
2023-02-15 13:56:53,624:INFO:machine: AMD64
2023-02-15 13:56:53,624:INFO:platform: Windows-10-10.0.22621-SP0
2023-02-15 13:56:53,625:INFO:Memory: svmem(total=34043187200, available=18247757824, percent=46.4, used=15795429376, free=18247757824)
2023-02-15 13:56:53,625:INFO:Physical Core: 4
2023-02-15 13:56:53,625:INFO:Logical Core: 8
2023-02-15 13:56:53,625:INFO:Checking libraries
2023-02-15 13:56:53,625:INFO:pd==1.4.2
2023-02-15 13:56:53,625:INFO:numpy==1.21.5
2023-02-15 13:56:53,625:INFO:sklearn==1.0.2
2023-02-15 13:56:53,625:INFO:xgboost==1.7.3
2023-02-15 13:56:53,625:INFO:lightgbm==3.3.5
2023-02-15 13:56:53,625:INFO:catboost==1.1.1
2023-02-15 13:56:53,625:INFO:mlflow==2.1.1
2023-02-15 13:56:53,625:INFO:Checking Exceptions
2023-02-15 13:56:53,626:INFO:Declaring global variables
2023-02-15 13:56:53,626:INFO:USI: 504f
2023-02-15 13:56:53,626:INFO:pycaret_globals: {'X_test', 'seed', 'data_before_preprocess', 'y_train', 'iterative_imputation_iters_param', 'USI', '_internal_pipeline', 'fold_param', 'display_container', 'imputation_regressor', '_ml_usecase', 'X_train', 'html_param', '_available_plots', 'prep_pipe', 'experiment__', 'target_param', 'exp_name_log', 'log_plots_param', '_gpu_n_jobs_param', 'n_jobs_param', '_all_models_internal', 'master_model_container', 'create_model_container', 'y_test', 'imputation_classifier', 'fix_imbalance_method_param', 'transform_target_param', 'transform_target_method_param', '_all_metrics', 'logging_param', 'fold_groups_param', 'fold_shuffle_param', 'fix_imbalance_param', 'y', 'stratify_param', 'X', 'pycaret_globals', 'gpu_param', 'fold_generator', '_all_models'}
2023-02-15 13:56:53,626:INFO:Preparing display monitor
2023-02-15 13:56:53,626:INFO:Preparing display monitor
2023-02-15 13:56:53,643:INFO:Importing libraries
2023-02-15 13:56:53,643:INFO:Copying data for preprocessing
2023-02-15 13:56:53,655:INFO:Declaring preprocessing parameters
2023-02-15 13:56:53,659:INFO:Creating preprocessing pipeline
2023-02-15 13:56:53,673:INFO:Preprocessing pipeline created successfully
2023-02-15 13:56:53,690:ERROR:(Process Exit): setup has been interupted with user command 'quit'. setup must rerun.
2023-02-15 13:56:53,690:INFO:Creating global containers
2023-02-15 13:57:05,032:INFO:PyCaret Supervised Module
2023-02-15 13:57:05,033:INFO:ML Usecase: regression
2023-02-15 13:57:05,033:INFO:version 2.2.2
2023-02-15 13:57:05,033:INFO:Initializing setup()
2023-02-15 13:57:05,033:INFO:setup(target=Price, ml_usecase=regression, available_plots={'parameter': 'Hyperparameters', 'residuals': 'Residuals', 'error': 'Prediction Error', 'cooks': 'Cooks Distance', 'rfe': 'Feature Selection', 'learning': 'Learning Curve', 'manifold': 'Manifold Learning', 'vc': 'Validation Curve', 'feature': 'Feature Importance', 'feature_all': 'Feature Importance (All)', 'tree': 'Decision Tree'}, train_size=0.7, test_data=None, preprocess=True, imputation_type=simple, iterative_imputation_iters=5, categorical_features=None, categorical_imputation=constant, categorical_iterative_imputer=lightgbm, ordinal_features=None, high_cardinality_features=None, high_cardinality_method=frequency, numeric_features=None, numeric_imputation=mean, numeric_iterative_imputer=lightgbm, date_features=None, ignore_features=None, normalize=False, normalize_method=zscore, transformation=False, transformation_method=yeo-johnson, handle_unknown_categorical=True, unknown_categorical_method=least_frequent, pca=False, pca_method=linear, pca_components=None, ignore_low_variance=False, combine_rare_levels=False, rare_level_threshold=0.1, bin_numeric_features=None, remove_outliers=False, outliers_threshold=0.05, remove_multicollinearity=False, multicollinearity_threshold=0.9, remove_perfect_collinearity=True, create_clusters=False, cluster_iter=20, polynomial_features=False, polynomial_degree=2, trigonometry_features=False, polynomial_threshold=0.1, group_features=None, group_names=None, feature_selection=False, feature_selection_threshold=0.8, feature_selection_method=classic, feature_interaction=False, feature_ratio=False, interaction_threshold=0.01, fix_imbalance=False, fix_imbalance_method=None, transform_target=False, transform_target_method=box-cox, data_split_shuffle=True, data_split_stratify=False, fold_strategy=kfold, fold=10, fold_shuffle=False, fold_groups=None, n_jobs=-1, use_gpu=False, custom_pipeline=None, html=True, session_id=None, log_experiment=False, experiment_name=diamond, log_plots=False, log_profile=False, log_data=False, silent=False, verbose=True, profile=False, profile_kwargs=None, display=None)
2023-02-15 13:57:05,033:INFO:Checking environment
2023-02-15 13:57:05,033:INFO:python_version: 3.9.12
2023-02-15 13:57:05,033:INFO:python_build: ('main', 'Apr  4 2022 05:22:27')
2023-02-15 13:57:05,033:INFO:machine: AMD64
2023-02-15 13:57:05,033:INFO:platform: Windows-10-10.0.22621-SP0
2023-02-15 13:57:05,033:INFO:Memory: svmem(total=34043187200, available=18167967744, percent=46.6, used=15875219456, free=18167967744)
2023-02-15 13:57:05,033:INFO:Physical Core: 4
2023-02-15 13:57:05,033:INFO:Logical Core: 8
2023-02-15 13:57:05,033:INFO:Checking libraries
2023-02-15 13:57:05,033:INFO:pd==1.4.2
2023-02-15 13:57:05,033:INFO:numpy==1.21.5
2023-02-15 13:57:05,033:INFO:sklearn==1.0.2
2023-02-15 13:57:05,033:INFO:xgboost==1.7.3
2023-02-15 13:57:05,035:INFO:lightgbm==3.3.5
2023-02-15 13:57:05,035:INFO:catboost==1.1.1
2023-02-15 13:57:05,035:INFO:mlflow==2.1.1
2023-02-15 13:57:05,035:INFO:Checking Exceptions
2023-02-15 13:57:05,035:INFO:Declaring global variables
2023-02-15 13:57:05,035:INFO:USI: e323
2023-02-15 13:57:05,035:INFO:pycaret_globals: {'X_test', 'seed', 'data_before_preprocess', 'y_train', 'iterative_imputation_iters_param', 'USI', '_internal_pipeline', 'fold_param', 'display_container', 'imputation_regressor', '_ml_usecase', 'X_train', 'html_param', '_available_plots', 'prep_pipe', 'experiment__', 'target_param', 'exp_name_log', 'log_plots_param', '_gpu_n_jobs_param', 'n_jobs_param', '_all_models_internal', 'master_model_container', 'create_model_container', 'y_test', 'imputation_classifier', 'fix_imbalance_method_param', 'transform_target_param', 'transform_target_method_param', '_all_metrics', 'logging_param', 'fold_groups_param', 'fold_shuffle_param', 'fix_imbalance_param', 'y', 'stratify_param', 'X', 'pycaret_globals', 'gpu_param', 'fold_generator', '_all_models'}
2023-02-15 13:57:05,035:INFO:Preparing display monitor
2023-02-15 13:57:05,035:INFO:Preparing display monitor
2023-02-15 13:57:05,052:INFO:Importing libraries
2023-02-15 13:57:05,053:INFO:Copying data for preprocessing
2023-02-15 13:57:05,067:INFO:Declaring preprocessing parameters
2023-02-15 13:57:05,072:INFO:Creating preprocessing pipeline
2023-02-15 13:57:05,079:INFO:Preprocessing pipeline created successfully
2023-02-15 13:57:05,079:ERROR:(Process Exit): setup has been interupted with user command 'quit'. setup must rerun.
2023-02-15 13:57:05,079:INFO:Creating global containers
2023-02-15 13:59:06,648:INFO:PyCaret Supervised Module
2023-02-15 13:59:06,648:INFO:ML Usecase: regression
2023-02-15 13:59:06,649:INFO:version 2.2.2
2023-02-15 13:59:06,649:INFO:Initializing setup()
2023-02-15 13:59:06,649:INFO:setup(target=Price, ml_usecase=regression, available_plots={'parameter': 'Hyperparameters', 'residuals': 'Residuals', 'error': 'Prediction Error', 'cooks': 'Cooks Distance', 'rfe': 'Feature Selection', 'learning': 'Learning Curve', 'manifold': 'Manifold Learning', 'vc': 'Validation Curve', 'feature': 'Feature Importance', 'feature_all': 'Feature Importance (All)', 'tree': 'Decision Tree'}, train_size=0.7, test_data=None, preprocess=True, imputation_type=simple, iterative_imputation_iters=5, categorical_features=None, categorical_imputation=constant, categorical_iterative_imputer=lightgbm, ordinal_features=None, high_cardinality_features=None, high_cardinality_method=frequency, numeric_features=None, numeric_imputation=mean, numeric_iterative_imputer=lightgbm, date_features=None, ignore_features=None, normalize=False, normalize_method=zscore, transformation=False, transformation_method=yeo-johnson, handle_unknown_categorical=True, unknown_categorical_method=least_frequent, pca=False, pca_method=linear, pca_components=None, ignore_low_variance=False, combine_rare_levels=False, rare_level_threshold=0.1, bin_numeric_features=None, remove_outliers=False, outliers_threshold=0.05, remove_multicollinearity=False, multicollinearity_threshold=0.9, remove_perfect_collinearity=True, create_clusters=False, cluster_iter=20, polynomial_features=False, polynomial_degree=2, trigonometry_features=False, polynomial_threshold=0.1, group_features=None, group_names=None, feature_selection=False, feature_selection_threshold=0.8, feature_selection_method=classic, feature_interaction=False, feature_ratio=False, interaction_threshold=0.01, fix_imbalance=False, fix_imbalance_method=None, transform_target=False, transform_target_method=box-cox, data_split_shuffle=True, data_split_stratify=False, fold_strategy=kfold, fold=10, fold_shuffle=False, fold_groups=None, n_jobs=-1, use_gpu=False, custom_pipeline=None, html=True, session_id=123, log_experiment=False, experiment_name=None, log_plots=False, log_profile=False, log_data=False, silent=False, verbose=True, profile=False, profile_kwargs=None, display=None)
2023-02-15 13:59:06,650:INFO:Checking environment
2023-02-15 13:59:06,651:INFO:python_version: 3.9.12
2023-02-15 13:59:06,651:INFO:python_build: ('main', 'Apr  4 2022 05:22:27')
2023-02-15 13:59:06,651:INFO:machine: AMD64
2023-02-15 13:59:06,651:INFO:platform: Windows-10-10.0.22621-SP0
2023-02-15 13:59:06,652:INFO:Memory: svmem(total=34043187200, available=18196615168, percent=46.5, used=15846572032, free=18196615168)
2023-02-15 13:59:06,652:INFO:Physical Core: 4
2023-02-15 13:59:06,653:INFO:Logical Core: 8
2023-02-15 13:59:06,653:INFO:Checking libraries
2023-02-15 13:59:06,653:INFO:pd==1.4.2
2023-02-15 13:59:06,653:INFO:numpy==1.21.5
2023-02-15 13:59:06,653:INFO:sklearn==1.0.2
2023-02-15 13:59:06,654:INFO:xgboost==1.7.3
2023-02-15 13:59:06,654:INFO:lightgbm==3.3.5
2023-02-15 13:59:06,654:INFO:catboost==1.1.1
2023-02-15 13:59:06,655:INFO:mlflow==2.1.1
2023-02-15 13:59:06,655:INFO:Checking Exceptions
2023-02-15 13:59:06,656:INFO:Declaring global variables
2023-02-15 13:59:06,656:INFO:USI: b3eb
2023-02-15 13:59:06,656:INFO:pycaret_globals: {'X_test', 'seed', 'data_before_preprocess', 'y_train', 'iterative_imputation_iters_param', 'USI', '_internal_pipeline', 'fold_param', 'display_container', 'imputation_regressor', '_ml_usecase', 'X_train', 'html_param', '_available_plots', 'prep_pipe', 'experiment__', 'target_param', 'exp_name_log', 'log_plots_param', '_gpu_n_jobs_param', 'n_jobs_param', '_all_models_internal', 'master_model_container', 'create_model_container', 'y_test', 'imputation_classifier', 'fix_imbalance_method_param', 'transform_target_param', 'transform_target_method_param', '_all_metrics', 'logging_param', 'fold_groups_param', 'fold_shuffle_param', 'fix_imbalance_param', 'y', 'stratify_param', 'X', 'pycaret_globals', 'gpu_param', 'fold_generator', '_all_models'}
2023-02-15 13:59:06,657:INFO:Preparing display monitor
2023-02-15 13:59:06,657:INFO:Preparing display monitor
2023-02-15 13:59:06,692:INFO:Importing libraries
2023-02-15 13:59:06,693:INFO:Copying data for preprocessing
2023-02-15 13:59:06,720:INFO:Declaring preprocessing parameters
2023-02-15 13:59:06,725:INFO:Creating preprocessing pipeline
2023-02-15 13:59:06,748:INFO:Preprocessing pipeline created successfully
2023-02-15 13:59:06,748:ERROR:(Process Exit): setup has been interupted with user command 'quit'. setup must rerun.
2023-02-15 13:59:06,749:INFO:Creating global containers
2023-02-15 13:59:58,616:INFO:PyCaret Supervised Module
2023-02-15 13:59:58,616:INFO:ML Usecase: regression
2023-02-15 13:59:58,616:INFO:version 2.2.2
2023-02-15 13:59:58,616:INFO:Initializing setup()
2023-02-15 13:59:58,616:INFO:setup(target=Price, ml_usecase=regression, available_plots={'parameter': 'Hyperparameters', 'residuals': 'Residuals', 'error': 'Prediction Error', 'cooks': 'Cooks Distance', 'rfe': 'Feature Selection', 'learning': 'Learning Curve', 'manifold': 'Manifold Learning', 'vc': 'Validation Curve', 'feature': 'Feature Importance', 'feature_all': 'Feature Importance (All)', 'tree': 'Decision Tree'}, train_size=0.7, test_data=None, preprocess=True, imputation_type=simple, iterative_imputation_iters=5, categorical_features=None, categorical_imputation=constant, categorical_iterative_imputer=lightgbm, ordinal_features=None, high_cardinality_features=None, high_cardinality_method=frequency, numeric_features=None, numeric_imputation=mean, numeric_iterative_imputer=lightgbm, date_features=None, ignore_features=None, normalize=False, normalize_method=zscore, transformation=False, transformation_method=yeo-johnson, handle_unknown_categorical=True, unknown_categorical_method=least_frequent, pca=False, pca_method=linear, pca_components=None, ignore_low_variance=False, combine_rare_levels=False, rare_level_threshold=0.1, bin_numeric_features=None, remove_outliers=False, outliers_threshold=0.05, remove_multicollinearity=False, multicollinearity_threshold=0.9, remove_perfect_collinearity=True, create_clusters=False, cluster_iter=20, polynomial_features=False, polynomial_degree=2, trigonometry_features=False, polynomial_threshold=0.1, group_features=None, group_names=None, feature_selection=False, feature_selection_threshold=0.8, feature_selection_method=classic, feature_interaction=False, feature_ratio=False, interaction_threshold=0.01, fix_imbalance=False, fix_imbalance_method=None, transform_target=False, transform_target_method=box-cox, data_split_shuffle=True, data_split_stratify=False, fold_strategy=kfold, fold=10, fold_shuffle=True, fold_groups=None, n_jobs=-1, use_gpu=False, custom_pipeline=None, html=True, session_id=2, log_experiment=False, experiment_name=None, log_plots=False, log_profile=False, log_data=False, silent=False, verbose=True, profile=False, profile_kwargs=None, display=None)
2023-02-15 13:59:58,616:INFO:Checking environment
2023-02-15 13:59:58,617:INFO:python_version: 3.9.12
2023-02-15 13:59:58,617:INFO:python_build: ('main', 'Apr  4 2022 05:22:27')
2023-02-15 13:59:58,617:INFO:machine: AMD64
2023-02-15 13:59:58,617:INFO:platform: Windows-10-10.0.22621-SP0
2023-02-15 13:59:58,617:INFO:Memory: svmem(total=34043187200, available=18054156288, percent=47.0, used=15989030912, free=18054156288)
2023-02-15 13:59:58,617:INFO:Physical Core: 4
2023-02-15 13:59:58,617:INFO:Logical Core: 8
2023-02-15 13:59:58,617:INFO:Checking libraries
2023-02-15 13:59:58,617:INFO:pd==1.4.2
2023-02-15 13:59:58,617:INFO:numpy==1.21.5
2023-02-15 13:59:58,617:INFO:sklearn==1.0.2
2023-02-15 13:59:58,617:INFO:xgboost==1.7.3
2023-02-15 13:59:58,617:INFO:lightgbm==3.3.5
2023-02-15 13:59:58,617:INFO:catboost==1.1.1
2023-02-15 13:59:58,618:INFO:mlflow==2.1.1
2023-02-15 13:59:58,618:INFO:Checking Exceptions
2023-02-15 13:59:58,618:INFO:Declaring global variables
2023-02-15 13:59:58,618:INFO:USI: d297
2023-02-15 13:59:58,618:INFO:pycaret_globals: {'X_test', 'seed', 'data_before_preprocess', 'y_train', 'iterative_imputation_iters_param', 'USI', '_internal_pipeline', 'fold_param', 'display_container', 'imputation_regressor', '_ml_usecase', 'X_train', 'html_param', '_available_plots', 'prep_pipe', 'experiment__', 'target_param', 'exp_name_log', 'log_plots_param', '_gpu_n_jobs_param', 'n_jobs_param', '_all_models_internal', 'master_model_container', 'create_model_container', 'y_test', 'imputation_classifier', 'fix_imbalance_method_param', 'transform_target_param', 'transform_target_method_param', '_all_metrics', 'logging_param', 'fold_groups_param', 'fold_shuffle_param', 'fix_imbalance_param', 'y', 'stratify_param', 'X', 'pycaret_globals', 'gpu_param', 'fold_generator', '_all_models'}
2023-02-15 13:59:58,619:INFO:Preparing display monitor
2023-02-15 13:59:58,619:INFO:Preparing display monitor
2023-02-15 13:59:58,637:INFO:Importing libraries
2023-02-15 13:59:58,637:INFO:Copying data for preprocessing
2023-02-15 13:59:58,651:INFO:Declaring preprocessing parameters
2023-02-15 13:59:58,653:INFO:Creating preprocessing pipeline
2023-02-15 13:59:58,665:INFO:Preprocessing pipeline created successfully
2023-02-15 13:59:58,666:ERROR:(Process Exit): setup has been interupted with user command 'quit'. setup must rerun.
2023-02-15 13:59:58,666:INFO:Creating global containers
2023-02-15 13:59:58,672:INFO:Internal pipeline: Pipeline(memory=None, steps=[('empty_step', 'passthrough')], verbose=False)
2023-02-15 14:04:08,400:INFO:Creating grid variables
2023-02-15 14:04:08,418:INFO:create_model_container: 0
2023-02-15 14:04:08,418:INFO:master_model_container: 0
2023-02-15 14:04:08,420:INFO:display_container: 0
2023-02-15 14:04:19,846:INFO:Initializing compare_models()
2023-02-15 14:04:19,846:INFO:compare_models(include=None, fold=None, round=4, cross_validation=True, sort=R2, n_select=1, budget_time=None, turbo=True, errors=ignore, fit_kwargs=None, groups=None, verbose=True, display=None, exclude=None)
2023-02-15 14:04:19,846:INFO:Checking exceptions
2023-02-15 14:04:19,847:INFO:Preparing display monitor
2023-02-15 14:04:19,848:INFO:Preparing display monitor
2023-02-15 14:04:19,876:INFO:Initializing Linear Regression
2023-02-15 14:04:19,876:INFO:Total runtime is 0.0 minutes
2023-02-15 14:04:19,888:INFO:SubProcess create_model() called ==================================
2023-02-15 14:04:19,888:INFO:Initializing create_model()
2023-02-15 14:04:19,888:INFO:create_model(estimator=lr, fold=KFold(n_splits=10, random_state=2, shuffle=True), round=4, cross_validation=True, predict=True, fit_kwargs={}, groups=None, refit=False, verbose=False, system=False, metrics=None, display=<pycaret.internal.Display.Display object at 0x00000233D3210C40>, kwargs={})
2023-02-15 14:04:19,888:INFO:Checking exceptions
2023-02-15 14:04:19,888:INFO:Importing libraries
2023-02-15 14:04:19,888:INFO:Copying training dataset
2023-02-15 14:04:19,889:INFO:Defining folds
2023-02-15 14:04:19,889:INFO:Declaring metric variables
2023-02-15 14:04:19,900:INFO:Importing untrained model
2023-02-15 14:04:19,907:INFO:Linear Regression Imported succesfully
2023-02-15 14:04:19,925:INFO:Starting cross validation
2023-02-15 14:04:19,945:INFO:Cross validating with KFold(n_splits=10, random_state=2, shuffle=True), n_jobs=-1
2023-02-15 14:04:26,071:INFO:Calculating mean and std
2023-02-15 14:04:26,073:INFO:Creating metrics dataframe
2023-02-15 14:04:26,188:INFO:Uploading results into container
2023-02-15 14:04:26,188:INFO:Uploading model into container now
2023-02-15 14:04:26,188:INFO:create_model_container: 1
2023-02-15 14:04:26,188:INFO:master_model_container: 1
2023-02-15 14:04:26,189:INFO:display_container: 1
2023-02-15 14:04:26,189:INFO:LinearRegression(copy_X=True, fit_intercept=True, n_jobs=-1,
                 normalize='deprecated', positive=False)
2023-02-15 14:04:26,189:INFO:create_model() succesfully completed......................................
2023-02-15 14:04:26,520:INFO:SubProcess create_model() end ==================================
2023-02-15 14:04:26,520:INFO:Creating metrics dataframe
2023-02-15 14:04:26,559:INFO:Initializing Lasso Regression
2023-02-15 14:04:26,559:INFO:Total runtime is 0.11139420668284099 minutes
2023-02-15 14:04:26,574:INFO:SubProcess create_model() called ==================================
2023-02-15 14:04:26,574:INFO:Initializing create_model()
2023-02-15 14:04:26,574:INFO:create_model(estimator=lasso, fold=KFold(n_splits=10, random_state=2, shuffle=True), round=4, cross_validation=True, predict=True, fit_kwargs={}, groups=None, refit=False, verbose=False, system=False, metrics=None, display=<pycaret.internal.Display.Display object at 0x00000233D3210C40>, kwargs={})
2023-02-15 14:04:26,574:INFO:Checking exceptions
2023-02-15 14:04:26,574:INFO:Importing libraries
2023-02-15 14:04:26,574:INFO:Copying training dataset
2023-02-15 14:04:26,577:INFO:Defining folds
2023-02-15 14:04:26,577:INFO:Declaring metric variables
2023-02-15 14:04:26,590:INFO:Importing untrained model
2023-02-15 14:04:26,602:INFO:Lasso Regression Imported succesfully
2023-02-15 14:04:26,624:INFO:Starting cross validation
2023-02-15 14:04:26,625:INFO:Cross validating with KFold(n_splits=10, random_state=2, shuffle=True), n_jobs=-1
2023-02-15 14:04:26,727:INFO:Calculating mean and std
2023-02-15 14:04:26,728:INFO:Creating metrics dataframe
2023-02-15 14:04:26,780:INFO:Uploading results into container
2023-02-15 14:04:26,781:INFO:Uploading model into container now
2023-02-15 14:04:26,781:INFO:create_model_container: 2
2023-02-15 14:04:26,781:INFO:master_model_container: 2
2023-02-15 14:04:26,781:INFO:display_container: 1
2023-02-15 14:04:26,781:INFO:Lasso(alpha=1.0, copy_X=True, fit_intercept=True, max_iter=1000,
      normalize='deprecated', positive=False, precompute=False, random_state=2,
      selection='cyclic', tol=0.0001, warm_start=False)
2023-02-15 14:04:26,781:INFO:create_model() succesfully completed......................................
2023-02-15 14:04:27,047:INFO:SubProcess create_model() end ==================================
2023-02-15 14:04:27,047:INFO:Creating metrics dataframe
2023-02-15 14:04:27,088:INFO:Initializing Ridge Regression
2023-02-15 14:04:27,088:INFO:Total runtime is 0.12020550568898519 minutes
2023-02-15 14:04:27,097:INFO:SubProcess create_model() called ==================================
2023-02-15 14:04:27,098:INFO:Initializing create_model()
2023-02-15 14:04:27,098:INFO:create_model(estimator=ridge, fold=KFold(n_splits=10, random_state=2, shuffle=True), round=4, cross_validation=True, predict=True, fit_kwargs={}, groups=None, refit=False, verbose=False, system=False, metrics=None, display=<pycaret.internal.Display.Display object at 0x00000233D3210C40>, kwargs={})
2023-02-15 14:04:27,099:INFO:Checking exceptions
2023-02-15 14:04:27,099:INFO:Importing libraries
2023-02-15 14:04:27,099:INFO:Copying training dataset
2023-02-15 14:04:27,100:INFO:Defining folds
2023-02-15 14:04:27,101:INFO:Declaring metric variables
2023-02-15 14:04:27,107:INFO:Importing untrained model
2023-02-15 14:04:27,118:INFO:Ridge Regression Imported succesfully
2023-02-15 14:04:27,137:INFO:Starting cross validation
2023-02-15 14:04:27,137:INFO:Cross validating with KFold(n_splits=10, random_state=2, shuffle=True), n_jobs=-1
2023-02-15 14:04:27,217:INFO:Calculating mean and std
2023-02-15 14:04:27,218:INFO:Creating metrics dataframe
2023-02-15 14:04:27,273:INFO:Uploading results into container
2023-02-15 14:04:27,273:INFO:Uploading model into container now
2023-02-15 14:04:27,273:INFO:create_model_container: 3
2023-02-15 14:04:27,273:INFO:master_model_container: 3
2023-02-15 14:04:27,273:INFO:display_container: 1
2023-02-15 14:04:27,274:INFO:Ridge(alpha=1.0, copy_X=True, fit_intercept=True, max_iter=None,
      normalize='deprecated', positive=False, random_state=2, solver='auto',
      tol=0.001)
2023-02-15 14:04:27,274:INFO:create_model() succesfully completed......................................
2023-02-15 14:04:27,572:INFO:SubProcess create_model() end ==================================
2023-02-15 14:04:27,572:INFO:Creating metrics dataframe
2023-02-15 14:04:27,623:INFO:Initializing Elastic Net
2023-02-15 14:04:27,623:INFO:Total runtime is 0.12911442518234253 minutes
2023-02-15 14:04:27,634:INFO:SubProcess create_model() called ==================================
2023-02-15 14:04:27,634:INFO:Initializing create_model()
2023-02-15 14:04:27,635:INFO:create_model(estimator=en, fold=KFold(n_splits=10, random_state=2, shuffle=True), round=4, cross_validation=True, predict=True, fit_kwargs={}, groups=None, refit=False, verbose=False, system=False, metrics=None, display=<pycaret.internal.Display.Display object at 0x00000233D3210C40>, kwargs={})
2023-02-15 14:04:27,635:INFO:Checking exceptions
2023-02-15 14:04:27,635:INFO:Importing libraries
2023-02-15 14:04:27,635:INFO:Copying training dataset
2023-02-15 14:04:27,636:INFO:Defining folds
2023-02-15 14:04:27,636:INFO:Declaring metric variables
2023-02-15 14:04:27,642:INFO:Importing untrained model
2023-02-15 14:04:27,656:INFO:Elastic Net Imported succesfully
2023-02-15 14:04:27,676:INFO:Starting cross validation
2023-02-15 14:04:27,677:INFO:Cross validating with KFold(n_splits=10, random_state=2, shuffle=True), n_jobs=-1
2023-02-15 14:04:27,776:INFO:Calculating mean and std
2023-02-15 14:04:27,778:INFO:Creating metrics dataframe
2023-02-15 14:04:27,841:INFO:Uploading results into container
2023-02-15 14:04:27,842:INFO:Uploading model into container now
2023-02-15 14:04:27,842:INFO:create_model_container: 4
2023-02-15 14:04:27,842:INFO:master_model_container: 4
2023-02-15 14:04:27,842:INFO:display_container: 1
2023-02-15 14:04:27,842:INFO:ElasticNet(alpha=1.0, copy_X=True, fit_intercept=True, l1_ratio=0.5,
           max_iter=1000, normalize='deprecated', positive=False,
           precompute=False, random_state=2, selection='cyclic', tol=0.0001,
           warm_start=False)
2023-02-15 14:04:27,843:INFO:create_model() succesfully completed......................................
2023-02-15 14:04:28,192:INFO:SubProcess create_model() end ==================================
2023-02-15 14:04:28,192:INFO:Creating metrics dataframe
2023-02-15 14:04:28,288:INFO:Initializing Least Angle Regression
2023-02-15 14:04:28,288:INFO:Total runtime is 0.14020265340805055 minutes
2023-02-15 14:04:28,297:INFO:SubProcess create_model() called ==================================
2023-02-15 14:04:28,297:INFO:Initializing create_model()
2023-02-15 14:04:28,298:INFO:create_model(estimator=lar, fold=KFold(n_splits=10, random_state=2, shuffle=True), round=4, cross_validation=True, predict=True, fit_kwargs={}, groups=None, refit=False, verbose=False, system=False, metrics=None, display=<pycaret.internal.Display.Display object at 0x00000233D3210C40>, kwargs={})
2023-02-15 14:04:28,298:INFO:Checking exceptions
2023-02-15 14:04:28,298:INFO:Importing libraries
2023-02-15 14:04:28,298:INFO:Copying training dataset
2023-02-15 14:04:28,299:INFO:Defining folds
2023-02-15 14:04:28,299:INFO:Declaring metric variables
2023-02-15 14:04:28,306:INFO:Importing untrained model
2023-02-15 14:04:28,315:INFO:Least Angle Regression Imported succesfully
2023-02-15 14:04:28,340:INFO:Starting cross validation
2023-02-15 14:04:28,341:INFO:Cross validating with KFold(n_splits=10, random_state=2, shuffle=True), n_jobs=-1
2023-02-15 14:04:28,453:INFO:Calculating mean and std
2023-02-15 14:04:28,454:INFO:Creating metrics dataframe
2023-02-15 14:04:28,523:INFO:Uploading results into container
2023-02-15 14:04:28,524:INFO:Uploading model into container now
2023-02-15 14:04:28,524:INFO:create_model_container: 5
2023-02-15 14:04:28,524:INFO:master_model_container: 5
2023-02-15 14:04:28,524:INFO:display_container: 1
2023-02-15 14:04:28,524:INFO:Lars(copy_X=True, eps=2.220446049250313e-16, fit_intercept=True, fit_path=True,
     jitter=None, n_nonzero_coefs=500, normalize='deprecated',
     precompute='auto', random_state=2, verbose=False)
2023-02-15 14:04:28,524:INFO:create_model() succesfully completed......................................
2023-02-15 14:04:28,888:INFO:SubProcess create_model() end ==================================
2023-02-15 14:04:28,888:INFO:Creating metrics dataframe
2023-02-15 14:04:28,939:INFO:Initializing Lasso Least Angle Regression
2023-02-15 14:04:28,939:INFO:Total runtime is 0.1510571599006653 minutes
2023-02-15 14:04:28,953:INFO:SubProcess create_model() called ==================================
2023-02-15 14:04:28,955:INFO:Initializing create_model()
2023-02-15 14:04:28,955:INFO:create_model(estimator=llar, fold=KFold(n_splits=10, random_state=2, shuffle=True), round=4, cross_validation=True, predict=True, fit_kwargs={}, groups=None, refit=False, verbose=False, system=False, metrics=None, display=<pycaret.internal.Display.Display object at 0x00000233D3210C40>, kwargs={})
2023-02-15 14:04:28,955:INFO:Checking exceptions
2023-02-15 14:04:28,955:INFO:Importing libraries
2023-02-15 14:04:28,955:INFO:Copying training dataset
2023-02-15 14:04:28,957:INFO:Defining folds
2023-02-15 14:04:28,957:INFO:Declaring metric variables
2023-02-15 14:04:28,971:INFO:Importing untrained model
2023-02-15 14:04:28,984:INFO:Lasso Least Angle Regression Imported succesfully
2023-02-15 14:04:29,008:INFO:Starting cross validation
2023-02-15 14:04:29,010:INFO:Cross validating with KFold(n_splits=10, random_state=2, shuffle=True), n_jobs=-1
2023-02-15 14:04:29,107:INFO:Calculating mean and std
2023-02-15 14:04:29,108:INFO:Creating metrics dataframe
2023-02-15 14:04:29,185:INFO:Uploading results into container
2023-02-15 14:04:29,186:INFO:Uploading model into container now
2023-02-15 14:04:29,186:INFO:create_model_container: 6
2023-02-15 14:04:29,186:INFO:master_model_container: 6
2023-02-15 14:04:29,186:INFO:display_container: 1
2023-02-15 14:04:29,187:INFO:LassoLars(alpha=1.0, copy_X=True, eps=2.220446049250313e-16, fit_intercept=True,
          fit_path=True, jitter=None, max_iter=500, normalize='deprecated',
          positive=False, precompute='auto', random_state=2, verbose=False)
2023-02-15 14:04:29,187:INFO:create_model() succesfully completed......................................
2023-02-15 14:04:29,514:INFO:SubProcess create_model() end ==================================
2023-02-15 14:04:29,515:INFO:Creating metrics dataframe
2023-02-15 14:04:29,572:INFO:Initializing Orthogonal Matching Pursuit
2023-02-15 14:04:29,572:INFO:Total runtime is 0.16160355011622113 minutes
2023-02-15 14:04:29,588:INFO:SubProcess create_model() called ==================================
2023-02-15 14:04:29,589:INFO:Initializing create_model()
2023-02-15 14:04:29,589:INFO:create_model(estimator=omp, fold=KFold(n_splits=10, random_state=2, shuffle=True), round=4, cross_validation=True, predict=True, fit_kwargs={}, groups=None, refit=False, verbose=False, system=False, metrics=None, display=<pycaret.internal.Display.Display object at 0x00000233D3210C40>, kwargs={})
2023-02-15 14:04:29,590:INFO:Checking exceptions
2023-02-15 14:04:29,590:INFO:Importing libraries
2023-02-15 14:04:29,590:INFO:Copying training dataset
2023-02-15 14:04:29,592:INFO:Defining folds
2023-02-15 14:04:29,592:INFO:Declaring metric variables
2023-02-15 14:04:29,629:INFO:Importing untrained model
2023-02-15 14:04:29,640:INFO:Orthogonal Matching Pursuit Imported succesfully
2023-02-15 14:04:29,667:INFO:Starting cross validation
2023-02-15 14:04:29,668:INFO:Cross validating with KFold(n_splits=10, random_state=2, shuffle=True), n_jobs=-1
2023-02-15 14:04:29,748:INFO:Calculating mean and std
2023-02-15 14:04:29,750:INFO:Creating metrics dataframe
2023-02-15 14:04:29,803:INFO:Uploading results into container
2023-02-15 14:04:29,804:INFO:Uploading model into container now
2023-02-15 14:04:29,804:INFO:create_model_container: 7
2023-02-15 14:04:29,804:INFO:master_model_container: 7
2023-02-15 14:04:29,804:INFO:display_container: 1
2023-02-15 14:04:29,805:INFO:OrthogonalMatchingPursuit(fit_intercept=True, n_nonzero_coefs=None,
                          normalize='deprecated', precompute='auto', tol=None)
2023-02-15 14:04:29,805:INFO:create_model() succesfully completed......................................
2023-02-15 14:04:30,158:INFO:SubProcess create_model() end ==================================
2023-02-15 14:04:30,158:INFO:Creating metrics dataframe
2023-02-15 14:04:30,196:INFO:Initializing Bayesian Ridge
2023-02-15 14:04:30,197:INFO:Total runtime is 0.1720163702964783 minutes
2023-02-15 14:04:30,208:INFO:SubProcess create_model() called ==================================
2023-02-15 14:04:30,209:INFO:Initializing create_model()
2023-02-15 14:04:30,209:INFO:create_model(estimator=br, fold=KFold(n_splits=10, random_state=2, shuffle=True), round=4, cross_validation=True, predict=True, fit_kwargs={}, groups=None, refit=False, verbose=False, system=False, metrics=None, display=<pycaret.internal.Display.Display object at 0x00000233D3210C40>, kwargs={})
2023-02-15 14:04:30,209:INFO:Checking exceptions
2023-02-15 14:04:30,209:INFO:Importing libraries
2023-02-15 14:04:30,209:INFO:Copying training dataset
2023-02-15 14:04:30,211:INFO:Defining folds
2023-02-15 14:04:30,211:INFO:Declaring metric variables
2023-02-15 14:04:30,224:INFO:Importing untrained model
2023-02-15 14:04:30,237:INFO:Bayesian Ridge Imported succesfully
2023-02-15 14:04:30,262:INFO:Starting cross validation
2023-02-15 14:04:30,264:INFO:Cross validating with KFold(n_splits=10, random_state=2, shuffle=True), n_jobs=-1
2023-02-15 14:04:30,384:INFO:Calculating mean and std
2023-02-15 14:04:30,385:INFO:Creating metrics dataframe
2023-02-15 14:04:30,453:INFO:Uploading results into container
2023-02-15 14:04:30,453:INFO:Uploading model into container now
2023-02-15 14:04:30,453:INFO:create_model_container: 8
2023-02-15 14:04:30,454:INFO:master_model_container: 8
2023-02-15 14:04:30,454:INFO:display_container: 1
2023-02-15 14:04:30,454:INFO:BayesianRidge(alpha_1=1e-06, alpha_2=1e-06, alpha_init=None,
              compute_score=False, copy_X=True, fit_intercept=True,
              lambda_1=1e-06, lambda_2=1e-06, lambda_init=None, n_iter=300,
              normalize='deprecated', tol=0.001, verbose=False)
2023-02-15 14:04:30,454:INFO:create_model() succesfully completed......................................
2023-02-15 14:04:30,807:INFO:SubProcess create_model() end ==================================
2023-02-15 14:04:30,808:INFO:Creating metrics dataframe
2023-02-15 14:04:30,844:INFO:Initializing Passive Aggressive Regressor
2023-02-15 14:04:30,844:INFO:Total runtime is 0.18279774586359662 minutes
2023-02-15 14:04:30,854:INFO:SubProcess create_model() called ==================================
2023-02-15 14:04:30,855:INFO:Initializing create_model()
2023-02-15 14:04:30,855:INFO:create_model(estimator=par, fold=KFold(n_splits=10, random_state=2, shuffle=True), round=4, cross_validation=True, predict=True, fit_kwargs={}, groups=None, refit=False, verbose=False, system=False, metrics=None, display=<pycaret.internal.Display.Display object at 0x00000233D3210C40>, kwargs={})
2023-02-15 14:04:30,855:INFO:Checking exceptions
2023-02-15 14:04:30,855:INFO:Importing libraries
2023-02-15 14:04:30,855:INFO:Copying training dataset
2023-02-15 14:04:30,856:INFO:Defining folds
2023-02-15 14:04:30,857:INFO:Declaring metric variables
2023-02-15 14:04:30,866:INFO:Importing untrained model
2023-02-15 14:04:30,873:INFO:Passive Aggressive Regressor Imported succesfully
2023-02-15 14:04:30,897:INFO:Starting cross validation
2023-02-15 14:04:30,898:INFO:Cross validating with KFold(n_splits=10, random_state=2, shuffle=True), n_jobs=-1
2023-02-15 14:04:31,008:INFO:Calculating mean and std
2023-02-15 14:04:31,009:INFO:Creating metrics dataframe
2023-02-15 14:04:31,073:INFO:Uploading results into container
2023-02-15 14:04:31,073:INFO:Uploading model into container now
2023-02-15 14:04:31,073:INFO:create_model_container: 9
2023-02-15 14:04:31,073:INFO:master_model_container: 9
2023-02-15 14:04:31,073:INFO:display_container: 1
2023-02-15 14:04:31,074:INFO:PassiveAggressiveRegressor(C=1.0, average=False, early_stopping=False,
                           epsilon=0.1, fit_intercept=True,
                           loss='epsilon_insensitive', max_iter=1000,
                           n_iter_no_change=5, random_state=2, shuffle=True,
                           tol=0.001, validation_fraction=0.1, verbose=0,
                           warm_start=False)
2023-02-15 14:04:31,074:INFO:create_model() succesfully completed......................................
2023-02-15 14:04:31,424:INFO:SubProcess create_model() end ==================================
2023-02-15 14:04:31,424:INFO:Creating metrics dataframe
2023-02-15 14:04:31,491:INFO:Initializing Huber Regressor
2023-02-15 14:04:31,492:INFO:Total runtime is 0.19359632333119714 minutes
2023-02-15 14:04:31,508:INFO:SubProcess create_model() called ==================================
2023-02-15 14:04:31,508:INFO:Initializing create_model()
2023-02-15 14:04:31,509:INFO:create_model(estimator=huber, fold=KFold(n_splits=10, random_state=2, shuffle=True), round=4, cross_validation=True, predict=True, fit_kwargs={}, groups=None, refit=False, verbose=False, system=False, metrics=None, display=<pycaret.internal.Display.Display object at 0x00000233D3210C40>, kwargs={})
2023-02-15 14:04:31,509:INFO:Checking exceptions
2023-02-15 14:04:31,509:INFO:Importing libraries
2023-02-15 14:04:31,509:INFO:Copying training dataset
2023-02-15 14:04:31,511:INFO:Defining folds
2023-02-15 14:04:31,511:INFO:Declaring metric variables
2023-02-15 14:04:31,526:INFO:Importing untrained model
2023-02-15 14:04:31,541:INFO:Huber Regressor Imported succesfully
2023-02-15 14:04:31,568:INFO:Starting cross validation
2023-02-15 14:04:31,569:INFO:Cross validating with KFold(n_splits=10, random_state=2, shuffle=True), n_jobs=-1
2023-02-15 14:04:32,091:INFO:Calculating mean and std
2023-02-15 14:04:32,091:INFO:Creating metrics dataframe
2023-02-15 14:04:32,159:INFO:Uploading results into container
2023-02-15 14:04:32,160:INFO:Uploading model into container now
2023-02-15 14:04:32,160:INFO:create_model_container: 10
2023-02-15 14:04:32,160:INFO:master_model_container: 10
2023-02-15 14:04:32,160:INFO:display_container: 1
2023-02-15 14:04:32,161:INFO:HuberRegressor(alpha=0.0001, epsilon=1.35, fit_intercept=True, max_iter=100,
               tol=1e-05, warm_start=False)
2023-02-15 14:04:32,161:INFO:create_model() succesfully completed......................................
2023-02-15 14:04:32,551:INFO:SubProcess create_model() end ==================================
2023-02-15 14:04:32,552:INFO:Creating metrics dataframe
2023-02-15 14:04:32,604:INFO:Initializing K Neighbors Regressor
2023-02-15 14:04:32,605:INFO:Total runtime is 0.2121564586957296 minutes
2023-02-15 14:04:32,619:INFO:SubProcess create_model() called ==================================
2023-02-15 14:04:32,620:INFO:Initializing create_model()
2023-02-15 14:04:32,620:INFO:create_model(estimator=knn, fold=KFold(n_splits=10, random_state=2, shuffle=True), round=4, cross_validation=True, predict=True, fit_kwargs={}, groups=None, refit=False, verbose=False, system=False, metrics=None, display=<pycaret.internal.Display.Display object at 0x00000233D3210C40>, kwargs={})
2023-02-15 14:04:32,620:INFO:Checking exceptions
2023-02-15 14:04:32,620:INFO:Importing libraries
2023-02-15 14:04:32,620:INFO:Copying training dataset
2023-02-15 14:04:32,621:INFO:Defining folds
2023-02-15 14:04:32,621:INFO:Declaring metric variables
2023-02-15 14:04:32,632:INFO:Importing untrained model
2023-02-15 14:04:32,642:INFO:K Neighbors Regressor Imported succesfully
2023-02-15 14:04:32,671:INFO:Starting cross validation
2023-02-15 14:04:32,672:INFO:Cross validating with KFold(n_splits=10, random_state=2, shuffle=True), n_jobs=-1
2023-02-15 14:04:33,004:INFO:Calculating mean and std
2023-02-15 14:04:33,005:INFO:Creating metrics dataframe
2023-02-15 14:04:33,105:INFO:Uploading results into container
2023-02-15 14:04:33,106:INFO:Uploading model into container now
2023-02-15 14:04:33,106:INFO:create_model_container: 11
2023-02-15 14:04:33,106:INFO:master_model_container: 11
2023-02-15 14:04:33,106:INFO:display_container: 1
2023-02-15 14:04:33,106:INFO:KNeighborsRegressor(algorithm='auto', leaf_size=30, metric='minkowski',
                    metric_params=None, n_jobs=-1, n_neighbors=5, p=2,
                    weights='uniform')
2023-02-15 14:04:33,106:INFO:create_model() succesfully completed......................................
2023-02-15 14:04:33,456:INFO:SubProcess create_model() end ==================================
2023-02-15 14:04:33,456:INFO:Creating metrics dataframe
2023-02-15 14:04:33,513:INFO:Initializing Decision Tree Regressor
2023-02-15 14:04:33,513:INFO:Total runtime is 0.22727904717127484 minutes
2023-02-15 14:04:33,523:INFO:SubProcess create_model() called ==================================
2023-02-15 14:04:33,524:INFO:Initializing create_model()
2023-02-15 14:04:33,524:INFO:create_model(estimator=dt, fold=KFold(n_splits=10, random_state=2, shuffle=True), round=4, cross_validation=True, predict=True, fit_kwargs={}, groups=None, refit=False, verbose=False, system=False, metrics=None, display=<pycaret.internal.Display.Display object at 0x00000233D3210C40>, kwargs={})
2023-02-15 14:04:33,525:INFO:Checking exceptions
2023-02-15 14:04:33,525:INFO:Importing libraries
2023-02-15 14:04:33,525:INFO:Copying training dataset
2023-02-15 14:04:33,527:INFO:Defining folds
2023-02-15 14:04:33,527:INFO:Declaring metric variables
2023-02-15 14:04:33,538:INFO:Importing untrained model
2023-02-15 14:04:33,553:INFO:Decision Tree Regressor Imported succesfully
2023-02-15 14:04:33,579:INFO:Starting cross validation
2023-02-15 14:04:33,580:INFO:Cross validating with KFold(n_splits=10, random_state=2, shuffle=True), n_jobs=-1
2023-02-15 14:04:33,690:INFO:Calculating mean and std
2023-02-15 14:04:33,691:INFO:Creating metrics dataframe
2023-02-15 14:04:33,768:INFO:Uploading results into container
2023-02-15 14:04:33,768:INFO:Uploading model into container now
2023-02-15 14:04:33,769:INFO:create_model_container: 12
2023-02-15 14:04:33,769:INFO:master_model_container: 12
2023-02-15 14:04:33,769:INFO:display_container: 1
2023-02-15 14:04:33,769:INFO:DecisionTreeRegressor(ccp_alpha=0.0, criterion='squared_error', max_depth=None,
                      max_features=None, max_leaf_nodes=None,
                      min_impurity_decrease=0.0, min_samples_leaf=1,
                      min_samples_split=2, min_weight_fraction_leaf=0.0,
                      random_state=2, splitter='best')
2023-02-15 14:04:33,769:INFO:create_model() succesfully completed......................................
2023-02-15 14:04:34,136:INFO:SubProcess create_model() end ==================================
2023-02-15 14:04:34,136:INFO:Creating metrics dataframe
2023-02-15 14:04:34,197:INFO:Initializing Random Forest Regressor
2023-02-15 14:04:34,197:INFO:Total runtime is 0.23869340022404992 minutes
2023-02-15 14:04:34,206:INFO:SubProcess create_model() called ==================================
2023-02-15 14:04:34,211:INFO:Initializing create_model()
2023-02-15 14:04:34,211:INFO:create_model(estimator=rf, fold=KFold(n_splits=10, random_state=2, shuffle=True), round=4, cross_validation=True, predict=True, fit_kwargs={}, groups=None, refit=False, verbose=False, system=False, metrics=None, display=<pycaret.internal.Display.Display object at 0x00000233D3210C40>, kwargs={})
2023-02-15 14:04:34,211:INFO:Checking exceptions
2023-02-15 14:04:34,212:INFO:Importing libraries
2023-02-15 14:04:34,212:INFO:Copying training dataset
2023-02-15 14:04:34,213:INFO:Defining folds
2023-02-15 14:04:34,213:INFO:Declaring metric variables
2023-02-15 14:04:34,222:INFO:Importing untrained model
2023-02-15 14:04:34,237:INFO:Random Forest Regressor Imported succesfully
2023-02-15 14:04:34,267:INFO:Starting cross validation
2023-02-15 14:04:34,269:INFO:Cross validating with KFold(n_splits=10, random_state=2, shuffle=True), n_jobs=-1
2023-02-15 14:04:37,119:INFO:Calculating mean and std
2023-02-15 14:04:37,122:INFO:Creating metrics dataframe
2023-02-15 14:04:37,205:INFO:Uploading results into container
2023-02-15 14:04:37,205:INFO:Uploading model into container now
2023-02-15 14:04:37,205:INFO:create_model_container: 13
2023-02-15 14:04:37,205:INFO:master_model_container: 13
2023-02-15 14:04:37,205:INFO:display_container: 1
2023-02-15 14:04:37,206:INFO:RandomForestRegressor(bootstrap=True, ccp_alpha=0.0, criterion='squared_error',
                      max_depth=None, max_features='auto', max_leaf_nodes=None,
                      max_samples=None, min_impurity_decrease=0.0,
                      min_samples_leaf=1, min_samples_split=2,
                      min_weight_fraction_leaf=0.0, n_estimators=100, n_jobs=-1,
                      oob_score=False, random_state=2, verbose=0,
                      warm_start=False)
2023-02-15 14:04:37,206:INFO:create_model() succesfully completed......................................
2023-02-15 14:04:37,571:INFO:SubProcess create_model() end ==================================
2023-02-15 14:04:37,571:INFO:Creating metrics dataframe
2023-02-15 14:04:37,622:INFO:Initializing Extra Trees Regressor
2023-02-15 14:04:37,622:INFO:Total runtime is 0.2957754572232565 minutes
2023-02-15 14:04:37,633:INFO:SubProcess create_model() called ==================================
2023-02-15 14:04:37,634:INFO:Initializing create_model()
2023-02-15 14:04:37,634:INFO:create_model(estimator=et, fold=KFold(n_splits=10, random_state=2, shuffle=True), round=4, cross_validation=True, predict=True, fit_kwargs={}, groups=None, refit=False, verbose=False, system=False, metrics=None, display=<pycaret.internal.Display.Display object at 0x00000233D3210C40>, kwargs={})
2023-02-15 14:04:37,634:INFO:Checking exceptions
2023-02-15 14:04:37,634:INFO:Importing libraries
2023-02-15 14:04:37,634:INFO:Copying training dataset
2023-02-15 14:04:37,635:INFO:Defining folds
2023-02-15 14:04:37,636:INFO:Declaring metric variables
2023-02-15 14:04:37,647:INFO:Importing untrained model
2023-02-15 14:04:37,657:INFO:Extra Trees Regressor Imported succesfully
2023-02-15 14:04:37,683:INFO:Starting cross validation
2023-02-15 14:04:37,685:INFO:Cross validating with KFold(n_splits=10, random_state=2, shuffle=True), n_jobs=-1
2023-02-15 14:04:42,313:INFO:Calculating mean and std
2023-02-15 14:04:42,315:INFO:Creating metrics dataframe
2023-02-15 14:04:42,454:INFO:Uploading results into container
2023-02-15 14:04:42,454:INFO:Uploading model into container now
2023-02-15 14:04:42,454:INFO:create_model_container: 14
2023-02-15 14:04:42,455:INFO:master_model_container: 14
2023-02-15 14:04:42,455:INFO:display_container: 1
2023-02-15 14:04:42,456:INFO:ExtraTreesRegressor(bootstrap=False, ccp_alpha=0.0, criterion='squared_error',
                    max_depth=None, max_features='auto', max_leaf_nodes=None,
                    max_samples=None, min_impurity_decrease=0.0,
                    min_samples_leaf=1, min_samples_split=2,
                    min_weight_fraction_leaf=0.0, n_estimators=100, n_jobs=-1,
                    oob_score=False, random_state=2, verbose=0,
                    warm_start=False)
2023-02-15 14:04:42,456:INFO:create_model() succesfully completed......................................
2023-02-15 14:04:42,981:INFO:SubProcess create_model() end ==================================
2023-02-15 14:04:42,982:INFO:Creating metrics dataframe
2023-02-15 14:04:43,083:INFO:Initializing AdaBoost Regressor
2023-02-15 14:04:43,084:INFO:Total runtime is 0.3868069489796957 minutes
2023-02-15 14:04:43,111:INFO:SubProcess create_model() called ==================================
2023-02-15 14:04:43,113:INFO:Initializing create_model()
2023-02-15 14:04:43,113:INFO:create_model(estimator=ada, fold=KFold(n_splits=10, random_state=2, shuffle=True), round=4, cross_validation=True, predict=True, fit_kwargs={}, groups=None, refit=False, verbose=False, system=False, metrics=None, display=<pycaret.internal.Display.Display object at 0x00000233D3210C40>, kwargs={})
2023-02-15 14:04:43,114:INFO:Checking exceptions
2023-02-15 14:04:43,114:INFO:Importing libraries
2023-02-15 14:04:43,114:INFO:Copying training dataset
2023-02-15 14:04:43,117:INFO:Defining folds
2023-02-15 14:04:43,117:INFO:Declaring metric variables
2023-02-15 14:04:43,139:INFO:Importing untrained model
2023-02-15 14:04:43,169:INFO:AdaBoost Regressor Imported succesfully
2023-02-15 14:04:43,219:INFO:Starting cross validation
2023-02-15 14:04:43,221:INFO:Cross validating with KFold(n_splits=10, random_state=2, shuffle=True), n_jobs=-1
2023-02-15 14:04:44,813:INFO:Calculating mean and std
2023-02-15 14:04:44,815:INFO:Creating metrics dataframe
2023-02-15 14:04:44,937:INFO:Uploading results into container
2023-02-15 14:04:44,938:INFO:Uploading model into container now
2023-02-15 14:04:44,938:INFO:create_model_container: 15
2023-02-15 14:04:44,938:INFO:master_model_container: 15
2023-02-15 14:04:44,939:INFO:display_container: 1
2023-02-15 14:04:44,939:INFO:AdaBoostRegressor(base_estimator=None, learning_rate=1.0, loss='linear',
                  n_estimators=50, random_state=2)
2023-02-15 14:04:44,940:INFO:create_model() succesfully completed......................................
2023-02-15 14:04:45,431:INFO:SubProcess create_model() end ==================================
2023-02-15 14:04:45,431:INFO:Creating metrics dataframe
2023-02-15 14:04:45,536:INFO:Initializing Gradient Boosting Regressor
2023-02-15 14:04:45,537:INFO:Total runtime is 0.42768979469935103 minutes
2023-02-15 14:04:45,569:INFO:SubProcess create_model() called ==================================
2023-02-15 14:04:45,571:INFO:Initializing create_model()
2023-02-15 14:04:45,571:INFO:create_model(estimator=gbr, fold=KFold(n_splits=10, random_state=2, shuffle=True), round=4, cross_validation=True, predict=True, fit_kwargs={}, groups=None, refit=False, verbose=False, system=False, metrics=None, display=<pycaret.internal.Display.Display object at 0x00000233D3210C40>, kwargs={})
2023-02-15 14:04:45,572:INFO:Checking exceptions
2023-02-15 14:04:45,572:INFO:Importing libraries
2023-02-15 14:04:45,572:INFO:Copying training dataset
2023-02-15 14:04:45,575:INFO:Defining folds
2023-02-15 14:04:45,576:INFO:Declaring metric variables
2023-02-15 14:04:45,600:INFO:Importing untrained model
2023-02-15 14:04:45,623:INFO:Gradient Boosting Regressor Imported succesfully
2023-02-15 14:04:45,675:INFO:Starting cross validation
2023-02-15 14:04:45,678:INFO:Cross validating with KFold(n_splits=10, random_state=2, shuffle=True), n_jobs=-1
2023-02-15 14:04:47,593:INFO:Calculating mean and std
2023-02-15 14:04:47,596:INFO:Creating metrics dataframe
2023-02-15 14:04:47,729:INFO:Uploading results into container
2023-02-15 14:04:47,729:INFO:Uploading model into container now
2023-02-15 14:04:47,730:INFO:create_model_container: 16
2023-02-15 14:04:47,730:INFO:master_model_container: 16
2023-02-15 14:04:47,730:INFO:display_container: 1
2023-02-15 14:04:47,732:INFO:GradientBoostingRegressor(alpha=0.9, ccp_alpha=0.0, criterion='friedman_mse',
                          init=None, learning_rate=0.1, loss='squared_error',
                          max_depth=3, max_features=None, max_leaf_nodes=None,
                          min_impurity_decrease=0.0, min_samples_leaf=1,
                          min_samples_split=2, min_weight_fraction_leaf=0.0,
                          n_estimators=100, n_iter_no_change=None,
                          random_state=2, subsample=1.0, tol=0.0001,
                          validation_fraction=0.1, verbose=0, warm_start=False)
2023-02-15 14:04:47,732:INFO:create_model() succesfully completed......................................
2023-02-15 14:04:48,280:INFO:SubProcess create_model() end ==================================
2023-02-15 14:04:48,281:INFO:Creating metrics dataframe
2023-02-15 14:04:48,388:INFO:Initializing Extreme Gradient Boosting
2023-02-15 14:04:48,388:INFO:Total runtime is 0.47519756952921555 minutes
2023-02-15 14:04:48,417:INFO:SubProcess create_model() called ==================================
2023-02-15 14:04:48,419:INFO:Initializing create_model()
2023-02-15 14:04:48,419:INFO:create_model(estimator=xgboost, fold=KFold(n_splits=10, random_state=2, shuffle=True), round=4, cross_validation=True, predict=True, fit_kwargs={}, groups=None, refit=False, verbose=False, system=False, metrics=None, display=<pycaret.internal.Display.Display object at 0x00000233D3210C40>, kwargs={})
2023-02-15 14:04:48,419:INFO:Checking exceptions
2023-02-15 14:04:48,420:INFO:Importing libraries
2023-02-15 14:04:48,420:INFO:Copying training dataset
2023-02-15 14:04:48,421:INFO:Defining folds
2023-02-15 14:04:48,422:INFO:Declaring metric variables
2023-02-15 14:04:48,449:INFO:Importing untrained model
2023-02-15 14:04:48,471:INFO:Extreme Gradient Boosting Imported succesfully
2023-02-15 14:04:48,517:INFO:Starting cross validation
2023-02-15 14:04:48,522:INFO:Cross validating with KFold(n_splits=10, random_state=2, shuffle=True), n_jobs=-1
2023-02-15 14:04:52,736:INFO:Calculating mean and std
2023-02-15 14:04:52,739:INFO:Creating metrics dataframe
2023-02-15 14:04:52,860:INFO:Uploading results into container
2023-02-15 14:04:52,861:INFO:Uploading model into container now
2023-02-15 14:04:52,861:INFO:create_model_container: 17
2023-02-15 14:04:52,862:INFO:master_model_container: 17
2023-02-15 14:04:52,862:INFO:display_container: 1
2023-02-15 14:04:52,864:INFO:XGBRegressor(base_score=None, booster='gbtree', callbacks=None,
             colsample_bylevel=None, colsample_bynode=None,
             colsample_bytree=None, early_stopping_rounds=None,
             enable_categorical=False, eval_metric=None, feature_types=None,
             gamma=None, gpu_id=None, grow_policy=None, importance_type=None,
             interaction_constraints=None, learning_rate=None, max_bin=None,
             max_cat_threshold=None, max_cat_to_onehot=None,
             max_delta_step=None, max_depth=None, max_leaves=None,
             min_child_weight=None, missing=nan, monotone_constraints=None,
             n_estimators=100, n_jobs=-1, num_parallel_tree=None,
             objective='reg:squarederror', predictor=None, ...)
2023-02-15 14:04:52,864:INFO:create_model() succesfully completed......................................
2023-02-15 14:04:53,434:INFO:SubProcess create_model() end ==================================
2023-02-15 14:04:53,434:INFO:Creating metrics dataframe
2023-02-15 14:04:53,549:INFO:Initializing Light Gradient Boosting Machine
2023-02-15 14:04:53,549:INFO:Total runtime is 0.5612167795499167 minutes
2023-02-15 14:04:53,573:INFO:SubProcess create_model() called ==================================
2023-02-15 14:04:53,578:INFO:Initializing create_model()
2023-02-15 14:04:53,580:INFO:create_model(estimator=lightgbm, fold=KFold(n_splits=10, random_state=2, shuffle=True), round=4, cross_validation=True, predict=True, fit_kwargs={}, groups=None, refit=False, verbose=False, system=False, metrics=None, display=<pycaret.internal.Display.Display object at 0x00000233D3210C40>, kwargs={})
2023-02-15 14:04:53,580:INFO:Checking exceptions
2023-02-15 14:04:53,580:INFO:Importing libraries
2023-02-15 14:04:53,581:INFO:Copying training dataset
2023-02-15 14:04:53,584:INFO:Defining folds
2023-02-15 14:04:53,584:INFO:Declaring metric variables
2023-02-15 14:04:53,612:INFO:Importing untrained model
2023-02-15 14:04:53,635:INFO:Light Gradient Boosting Machine Imported succesfully
2023-02-15 14:04:53,685:INFO:Starting cross validation
2023-02-15 14:04:53,687:INFO:Cross validating with KFold(n_splits=10, random_state=2, shuffle=True), n_jobs=-1
2023-02-15 14:04:56,852:INFO:Calculating mean and std
2023-02-15 14:04:56,854:INFO:Creating metrics dataframe
2023-02-15 14:04:56,985:INFO:Uploading results into container
2023-02-15 14:04:56,986:INFO:Uploading model into container now
2023-02-15 14:04:56,986:INFO:create_model_container: 18
2023-02-15 14:04:56,986:INFO:master_model_container: 18
2023-02-15 14:04:56,986:INFO:display_container: 1
2023-02-15 14:04:56,987:INFO:LGBMRegressor(boosting_type='gbdt', class_weight=None, colsample_bytree=1.0,
              importance_type='split', learning_rate=0.1, max_depth=-1,
              min_child_samples=20, min_child_weight=0.001, min_split_gain=0.0,
              n_estimators=100, n_jobs=-1, num_leaves=31, objective=None,
              random_state=2, reg_alpha=0.0, reg_lambda=0.0, silent='warn',
              subsample=1.0, subsample_for_bin=200000, subsample_freq=0)
2023-02-15 14:04:56,987:INFO:create_model() succesfully completed......................................
2023-02-15 14:04:57,482:INFO:SubProcess create_model() end ==================================
2023-02-15 14:04:57,482:INFO:Creating metrics dataframe
2023-02-15 14:04:57,591:INFO:Initializing CatBoost Regressor
2023-02-15 14:04:57,592:INFO:Total runtime is 0.6286021033922832 minutes
2023-02-15 14:04:57,621:INFO:SubProcess create_model() called ==================================
2023-02-15 14:04:57,622:INFO:Initializing create_model()
2023-02-15 14:04:57,622:INFO:create_model(estimator=catboost, fold=KFold(n_splits=10, random_state=2, shuffle=True), round=4, cross_validation=True, predict=True, fit_kwargs={}, groups=None, refit=False, verbose=False, system=False, metrics=None, display=<pycaret.internal.Display.Display object at 0x00000233D3210C40>, kwargs={})
2023-02-15 14:04:57,622:INFO:Checking exceptions
2023-02-15 14:04:57,623:INFO:Importing libraries
2023-02-15 14:04:57,623:INFO:Copying training dataset
2023-02-15 14:04:57,627:INFO:Defining folds
2023-02-15 14:04:57,627:INFO:Declaring metric variables
2023-02-15 14:04:57,649:INFO:Importing untrained model
2023-02-15 14:04:57,676:INFO:CatBoost Regressor Imported succesfully
2023-02-15 14:04:57,725:INFO:Starting cross validation
2023-02-15 14:04:57,727:INFO:Cross validating with KFold(n_splits=10, random_state=2, shuffle=True), n_jobs=-1
2023-02-15 14:05:14,737:INFO:Calculating mean and std
2023-02-15 14:05:14,739:INFO:Creating metrics dataframe
2023-02-15 14:05:14,834:INFO:Uploading results into container
2023-02-15 14:05:14,834:INFO:Uploading model into container now
2023-02-15 14:05:14,834:INFO:create_model_container: 19
2023-02-15 14:05:14,834:INFO:master_model_container: 19
2023-02-15 14:05:14,834:INFO:display_container: 1
2023-02-15 14:05:14,834:INFO:<catboost.core.CatBoostRegressor object at 0x00000233D311D5B0>
2023-02-15 14:05:14,835:INFO:create_model() succesfully completed......................................
2023-02-15 14:05:15,312:INFO:SubProcess create_model() end ==================================
2023-02-15 14:05:15,312:INFO:Creating metrics dataframe
2023-02-15 14:05:15,478:INFO:Initializing create_model()
2023-02-15 14:05:15,479:INFO:create_model(estimator=<catboost.core.CatBoostRegressor object at 0x00000233D311D5B0>, fold=KFold(n_splits=10, random_state=2, shuffle=True), round=4, cross_validation=False, predict=False, fit_kwargs={}, groups=None, refit=True, verbose=False, system=False, metrics=None, display=None, kwargs={})
2023-02-15 14:05:15,479:INFO:Checking exceptions
2023-02-15 14:05:15,480:INFO:Importing libraries
2023-02-15 14:05:15,480:INFO:Copying training dataset
2023-02-15 14:05:15,481:INFO:Defining folds
2023-02-15 14:05:15,481:INFO:Declaring metric variables
2023-02-15 14:05:15,481:INFO:Importing untrained model
2023-02-15 14:05:15,482:INFO:Declaring custom model
2023-02-15 14:05:15,482:INFO:CatBoost Regressor Imported succesfully
2023-02-15 14:05:15,484:INFO:Cross validation set to False
2023-02-15 14:05:15,484:INFO:Fitting Model
2023-02-15 14:05:20,430:INFO:<catboost.core.CatBoostRegressor object at 0x00000233D1C1C370>
2023-02-15 14:05:20,431:INFO:create_models() succesfully completed......................................
2023-02-15 14:05:20,941:INFO:create_model_container: 19
2023-02-15 14:05:20,941:INFO:master_model_container: 19
2023-02-15 14:05:20,942:INFO:display_container: 1
2023-02-15 14:05:20,942:INFO:<catboost.core.CatBoostRegressor object at 0x00000233D1C1C370>
2023-02-15 14:05:20,942:INFO:compare_models() succesfully completed......................................
2023-02-15 14:05:20,943:INFO:Initializing plot_model()
2023-02-15 14:05:20,943:INFO:plot_model(plot=residuals_interactive, fold=None, use_train_data=False, verbose=True, display=None, estimator=<catboost.core.CatBoostRegressor object at 0x00000233D1C1C370>, feature_name=None, fit_kwargs=None, groups=None, label=False, save=False, scale=1, system=True)
2023-02-15 14:05:20,943:INFO:Checking exceptions
2023-02-15 14:06:08,002:INFO:Initializing create_model()
2023-02-15 14:06:08,002:INFO:create_model(estimator=lightgbm, fold=None, round=4, cross_validation=True, predict=True, fit_kwargs=None, groups=None, refit=True, verbose=True, system=True, metrics=None, display=None, kwargs={})
2023-02-15 14:06:08,002:INFO:Checking exceptions
2023-02-15 14:06:08,002:INFO:Preparing display monitor
2023-02-15 14:06:08,019:INFO:Importing libraries
2023-02-15 14:06:08,019:INFO:Copying training dataset
2023-02-15 14:06:08,020:INFO:Defining folds
2023-02-15 14:06:08,021:INFO:Declaring metric variables
2023-02-15 14:06:08,031:INFO:Importing untrained model
2023-02-15 14:06:08,042:INFO:Light Gradient Boosting Machine Imported succesfully
2023-02-15 14:06:08,061:INFO:Starting cross validation
2023-02-15 14:06:08,062:INFO:Cross validating with KFold(n_splits=10, random_state=2, shuffle=True), n_jobs=-1
2023-02-15 14:06:08,278:INFO:Calculating mean and std
2023-02-15 14:06:08,279:INFO:Creating metrics dataframe
2023-02-15 14:06:08,334:INFO:Finalizing model
2023-02-15 14:06:08,422:INFO:Uploading results into container
2023-02-15 14:06:08,422:INFO:Uploading model into container now
2023-02-15 14:06:08,432:INFO:create_model_container: 20
2023-02-15 14:06:08,432:INFO:master_model_container: 20
2023-02-15 14:06:08,432:INFO:display_container: 2
2023-02-15 14:06:08,433:INFO:LGBMRegressor(boosting_type='gbdt', class_weight=None, colsample_bytree=1.0,
              importance_type='split', learning_rate=0.1, max_depth=-1,
              min_child_samples=20, min_child_weight=0.001, min_split_gain=0.0,
              n_estimators=100, n_jobs=-1, num_leaves=31, objective=None,
              random_state=2, reg_alpha=0.0, reg_lambda=0.0, silent='warn',
              subsample=1.0, subsample_for_bin=200000, subsample_freq=0)
2023-02-15 14:06:08,433:INFO:create_model() succesfully completed......................................
2023-02-15 14:06:08,711:INFO:Initializing tune_model()
2023-02-15 14:06:08,711:INFO:tune_model(estimator=LGBMRegressor(boosting_type='gbdt', class_weight=None, colsample_bytree=1.0,
              importance_type='split', learning_rate=0.1, max_depth=-1,
              min_child_samples=20, min_child_weight=0.001, min_split_gain=0.0,
              n_estimators=100, n_jobs=-1, num_leaves=31, objective=None,
              random_state=2, reg_alpha=0.0, reg_lambda=0.0, silent='warn',
              subsample=1.0, subsample_for_bin=200000, subsample_freq=0), fold=None, round=4, n_iter=10, custom_grid={'num_leaves': array([ 10,  20,  30,  40,  50,  60,  70,  80,  90, 100, 110, 120, 130,
       140, 150, 160, 170, 180, 190]), 'max_depth': [10, 20, 30, 40, 50, 60, 70, 80, 90, 100, 110], 'learning_rate': array([0.1, 0.2, 0.3, 0.4, 0.5, 0.6, 0.7, 0.8, 0.9])}, optimize=R2, custom_scorer=None, search_library=scikit-learn, search_algorithm=None, early_stopping=False, early_stopping_max_iters=10, choose_better=False, fit_kwargs=None, groups=None, return_tuner=False, verbose=True, tuner_verbose=True, display=None, kwargs={})
2023-02-15 14:06:08,711:INFO:Checking exceptions
2023-02-15 14:06:08,711:INFO:Preparing display monitor
2023-02-15 14:06:08,727:INFO:Copying training dataset
2023-02-15 14:06:08,728:INFO:Checking base model
2023-02-15 14:06:08,729:INFO:Base model : Light Gradient Boosting Machine
2023-02-15 14:06:08,738:INFO:Declaring metric variables
2023-02-15 14:06:08,746:INFO:Defining Hyperparameters
2023-02-15 14:06:09,055:INFO:custom_grid: {'actual_estimator__num_leaves': array([ 10,  20,  30,  40,  50,  60,  70,  80,  90, 100, 110, 120, 130,
       140, 150, 160, 170, 180, 190]), 'actual_estimator__max_depth': [10, 20, 30, 40, 50, 60, 70, 80, 90, 100, 110], 'actual_estimator__learning_rate': array([0.1, 0.2, 0.3, 0.4, 0.5, 0.6, 0.7, 0.8, 0.9])}
2023-02-15 14:06:09,056:INFO:Tuning with n_jobs=-1
2023-02-15 14:06:09,056:INFO:Initializing RandomizedSearchCV
2023-02-15 14:06:12,630:INFO:best_params: {'actual_estimator__num_leaves': 190, 'actual_estimator__max_depth': 80, 'actual_estimator__learning_rate': 0.2}
2023-02-15 14:06:12,631:INFO:Random search completed
2023-02-15 14:06:12,631:INFO:SubProcess create_model() called ==================================
2023-02-15 14:06:12,632:INFO:Initializing create_model()
2023-02-15 14:06:12,633:INFO:create_model(estimator=LGBMRegressor(boosting_type='gbdt', class_weight=None, colsample_bytree=1.0,
              importance_type='split', learning_rate=0.1, max_depth=-1,
              min_child_samples=20, min_child_weight=0.001, min_split_gain=0.0,
              n_estimators=100, n_jobs=-1, num_leaves=31, objective=None,
              random_state=2, reg_alpha=0.0, reg_lambda=0.0, silent='warn',
              subsample=1.0, subsample_for_bin=200000, subsample_freq=0), fold=KFold(n_splits=10, random_state=2, shuffle=True), round=4, cross_validation=True, predict=True, fit_kwargs={}, groups=None, refit=True, verbose=True, system=False, metrics=None, display=<pycaret.internal.Display.Display object at 0x00000233C7558B50>, kwargs={'num_leaves': 190, 'max_depth': 80, 'learning_rate': 0.2})
2023-02-15 14:06:12,633:INFO:Checking exceptions
2023-02-15 14:06:12,633:INFO:Importing libraries
2023-02-15 14:06:12,633:INFO:Copying training dataset
2023-02-15 14:06:12,634:INFO:Defining folds
2023-02-15 14:06:12,634:INFO:Declaring metric variables
2023-02-15 14:06:12,640:INFO:Importing untrained model
2023-02-15 14:06:12,640:INFO:Declaring custom model
2023-02-15 14:06:12,647:INFO:Light Gradient Boosting Machine Imported succesfully
2023-02-15 14:06:12,663:INFO:Starting cross validation
2023-02-15 14:06:12,664:INFO:Cross validating with KFold(n_splits=10, random_state=2, shuffle=True), n_jobs=-1
2023-02-15 14:06:13,258:INFO:Calculating mean and std
2023-02-15 14:06:13,258:INFO:Creating metrics dataframe
2023-02-15 14:06:13,338:INFO:Finalizing model
2023-02-15 14:06:13,657:INFO:Uploading results into container
2023-02-15 14:06:13,658:INFO:Uploading model into container now
2023-02-15 14:06:13,658:INFO:create_model_container: 21
2023-02-15 14:06:13,658:INFO:master_model_container: 21
2023-02-15 14:06:13,658:INFO:display_container: 3
2023-02-15 14:06:13,659:INFO:LGBMRegressor(boosting_type='gbdt', class_weight=None, colsample_bytree=1.0,
              importance_type='split', learning_rate=0.2, max_depth=80,
              min_child_samples=20, min_child_weight=0.001, min_split_gain=0.0,
              n_estimators=100, n_jobs=-1, num_leaves=190, objective=None,
              random_state=2, reg_alpha=0.0, reg_lambda=0.0, silent='warn',
              subsample=1.0, subsample_for_bin=200000, subsample_freq=0)
2023-02-15 14:06:13,659:INFO:create_model() succesfully completed......................................
2023-02-15 14:06:13,935:INFO:SubProcess create_model() end ==================================
2023-02-15 14:06:13,970:INFO:create_model_container: 21
2023-02-15 14:06:13,970:INFO:master_model_container: 21
2023-02-15 14:06:13,970:INFO:display_container: 3
2023-02-15 14:06:13,971:INFO:LGBMRegressor(boosting_type='gbdt', class_weight=None, colsample_bytree=1.0,
              importance_type='split', learning_rate=0.2, max_depth=80,
              min_child_samples=20, min_child_weight=0.001, min_split_gain=0.0,
              n_estimators=100, n_jobs=-1, num_leaves=190, objective=None,
              random_state=2, reg_alpha=0.0, reg_lambda=0.0, silent='warn',
              subsample=1.0, subsample_for_bin=200000, subsample_freq=0)
2023-02-15 14:06:13,971:INFO:tune_model() succesfully completed......................................
2023-02-15 14:06:31,090:INFO:Initializing plot_model()
2023-02-15 14:06:31,090:INFO:plot_model(plot=residuals, fold=None, use_train_data=False, verbose=True, display=None, estimator=LGBMRegressor(boosting_type='gbdt', class_weight=None, colsample_bytree=1.0,
              importance_type='split', learning_rate=0.2, max_depth=80,
              min_child_samples=20, min_child_weight=0.001, min_split_gain=0.0,
              n_estimators=100, n_jobs=-1, num_leaves=190, objective=None,
              random_state=2, reg_alpha=0.0, reg_lambda=0.0, silent='warn',
              subsample=1.0, subsample_for_bin=200000, subsample_freq=0), feature_name=None, fit_kwargs=None, groups=None, label=False, save=False, scale=1, system=True)
2023-02-15 14:06:31,090:INFO:Checking exceptions
2023-02-15 14:06:31,091:INFO:Preparing display monitor
2023-02-15 14:06:31,117:INFO:Preloading libraries
2023-02-15 14:06:31,240:INFO:Copying training dataset
2023-02-15 14:06:31,242:INFO:Copying test dataset
2023-02-15 14:06:31,242:INFO:Plot type: residuals
2023-02-15 14:06:31,783:INFO:Fitting Model
2023-02-15 14:06:31,933:INFO:Scoring test/hold-out set
2023-02-15 14:06:33,750:INFO:Visual Rendered Successfully
2023-02-15 14:06:34,081:INFO:plot_model() succesfully completed......................................
2023-02-15 14:06:40,661:INFO:Initializing create_model()
2023-02-15 14:06:40,661:INFO:create_model(estimator=lightgbm, fold=None, round=4, cross_validation=True, predict=True, fit_kwargs=None, groups=None, refit=True, verbose=True, system=True, metrics=None, display=None, kwargs={})
2023-02-15 14:06:40,661:INFO:Checking exceptions
2023-02-15 14:06:40,662:INFO:Preparing display monitor
2023-02-15 14:06:40,681:INFO:Importing libraries
2023-02-15 14:06:40,682:INFO:Copying training dataset
2023-02-15 14:06:40,682:INFO:Defining folds
2023-02-15 14:06:40,682:INFO:Declaring metric variables
2023-02-15 14:06:40,692:INFO:Importing untrained model
2023-02-15 14:06:40,700:INFO:Light Gradient Boosting Machine Imported succesfully
2023-02-15 14:06:40,750:INFO:Starting cross validation
2023-02-15 14:06:40,751:INFO:Cross validating with KFold(n_splits=10, random_state=2, shuffle=True), n_jobs=-1
2023-02-15 14:06:41,006:INFO:Calculating mean and std
2023-02-15 14:06:41,007:INFO:Creating metrics dataframe
2023-02-15 14:06:41,075:INFO:Finalizing model
2023-02-15 14:06:41,180:INFO:Uploading results into container
2023-02-15 14:06:41,180:INFO:Uploading model into container now
2023-02-15 14:06:41,190:INFO:create_model_container: 22
2023-02-15 14:06:41,190:INFO:master_model_container: 22
2023-02-15 14:06:41,190:INFO:display_container: 4
2023-02-15 14:06:41,191:INFO:LGBMRegressor(boosting_type='gbdt', class_weight=None, colsample_bytree=1.0,
              importance_type='split', learning_rate=0.1, max_depth=-1,
              min_child_samples=20, min_child_weight=0.001, min_split_gain=0.0,
              n_estimators=100, n_jobs=-1, num_leaves=31, objective=None,
              random_state=2, reg_alpha=0.0, reg_lambda=0.0, silent='warn',
              subsample=1.0, subsample_for_bin=200000, subsample_freq=0)
2023-02-15 14:06:41,191:INFO:create_model() succesfully completed......................................
2023-02-15 14:06:41,522:INFO:Initializing tune_model()
2023-02-15 14:06:41,522:INFO:tune_model(estimator=LGBMRegressor(boosting_type='gbdt', class_weight=None, colsample_bytree=1.0,
              importance_type='split', learning_rate=0.1, max_depth=-1,
              min_child_samples=20, min_child_weight=0.001, min_split_gain=0.0,
              n_estimators=100, n_jobs=-1, num_leaves=31, objective=None,
              random_state=2, reg_alpha=0.0, reg_lambda=0.0, silent='warn',
              subsample=1.0, subsample_for_bin=200000, subsample_freq=0), fold=None, round=4, n_iter=10, custom_grid={'num_leaves': array([ 10,  20,  30,  40,  50,  60,  70,  80,  90, 100, 110, 120, 130,
       140, 150, 160, 170, 180, 190]), 'max_depth': [10, 20, 30, 40, 50, 60, 70, 80, 90, 100, 110], 'learning_rate': array([0.1, 0.2, 0.3, 0.4, 0.5, 0.6, 0.7, 0.8, 0.9])}, optimize=R2, custom_scorer=None, search_library=scikit-learn, search_algorithm=None, early_stopping=False, early_stopping_max_iters=10, choose_better=False, fit_kwargs=None, groups=None, return_tuner=False, verbose=True, tuner_verbose=True, display=None, kwargs={})
2023-02-15 14:06:41,523:INFO:Checking exceptions
2023-02-15 14:06:41,523:INFO:Preparing display monitor
2023-02-15 14:06:41,567:INFO:Copying training dataset
2023-02-15 14:06:41,569:INFO:Checking base model
2023-02-15 14:06:41,570:INFO:Base model : Light Gradient Boosting Machine
2023-02-15 14:06:41,585:INFO:Declaring metric variables
2023-02-15 14:06:41,600:INFO:Defining Hyperparameters
2023-02-15 14:06:41,939:INFO:custom_grid: {'actual_estimator__num_leaves': array([ 10,  20,  30,  40,  50,  60,  70,  80,  90, 100, 110, 120, 130,
       140, 150, 160, 170, 180, 190]), 'actual_estimator__max_depth': [10, 20, 30, 40, 50, 60, 70, 80, 90, 100, 110], 'actual_estimator__learning_rate': array([0.1, 0.2, 0.3, 0.4, 0.5, 0.6, 0.7, 0.8, 0.9])}
2023-02-15 14:06:41,939:INFO:Tuning with n_jobs=-1
2023-02-15 14:06:41,939:INFO:Initializing RandomizedSearchCV
2023-02-15 14:06:45,917:INFO:best_params: {'actual_estimator__num_leaves': 190, 'actual_estimator__max_depth': 80, 'actual_estimator__learning_rate': 0.2}
2023-02-15 14:06:45,917:INFO:Random search completed
2023-02-15 14:06:45,917:INFO:SubProcess create_model() called ==================================
2023-02-15 14:06:45,918:INFO:Initializing create_model()
2023-02-15 14:06:45,918:INFO:create_model(estimator=LGBMRegressor(boosting_type='gbdt', class_weight=None, colsample_bytree=1.0,
              importance_type='split', learning_rate=0.1, max_depth=-1,
              min_child_samples=20, min_child_weight=0.001, min_split_gain=0.0,
              n_estimators=100, n_jobs=-1, num_leaves=31, objective=None,
              random_state=2, reg_alpha=0.0, reg_lambda=0.0, silent='warn',
              subsample=1.0, subsample_for_bin=200000, subsample_freq=0), fold=KFold(n_splits=10, random_state=2, shuffle=True), round=4, cross_validation=True, predict=True, fit_kwargs={}, groups=None, refit=True, verbose=True, system=False, metrics=None, display=<pycaret.internal.Display.Display object at 0x00000233D3210F70>, kwargs={'num_leaves': 190, 'max_depth': 80, 'learning_rate': 0.2})
2023-02-15 14:06:45,918:INFO:Checking exceptions
2023-02-15 14:06:45,918:INFO:Importing libraries
2023-02-15 14:06:45,918:INFO:Copying training dataset
2023-02-15 14:06:45,919:INFO:Defining folds
2023-02-15 14:06:45,919:INFO:Declaring metric variables
2023-02-15 14:06:45,925:INFO:Importing untrained model
2023-02-15 14:06:45,925:INFO:Declaring custom model
2023-02-15 14:06:45,935:INFO:Light Gradient Boosting Machine Imported succesfully
2023-02-15 14:06:45,957:INFO:Starting cross validation
2023-02-15 14:06:45,958:INFO:Cross validating with KFold(n_splits=10, random_state=2, shuffle=True), n_jobs=-1
2023-02-15 14:06:46,537:INFO:Calculating mean and std
2023-02-15 14:06:46,538:INFO:Creating metrics dataframe
2023-02-15 14:06:46,607:INFO:Finalizing model
2023-02-15 14:06:46,889:INFO:Uploading results into container
2023-02-15 14:06:46,889:INFO:Uploading model into container now
2023-02-15 14:06:46,889:INFO:create_model_container: 23
2023-02-15 14:06:46,889:INFO:master_model_container: 23
2023-02-15 14:06:46,889:INFO:display_container: 5
2023-02-15 14:06:46,890:INFO:LGBMRegressor(boosting_type='gbdt', class_weight=None, colsample_bytree=1.0,
              importance_type='split', learning_rate=0.2, max_depth=80,
              min_child_samples=20, min_child_weight=0.001, min_split_gain=0.0,
              n_estimators=100, n_jobs=-1, num_leaves=190, objective=None,
              random_state=2, reg_alpha=0.0, reg_lambda=0.0, silent='warn',
              subsample=1.0, subsample_for_bin=200000, subsample_freq=0)
2023-02-15 14:06:46,890:INFO:create_model() succesfully completed......................................
2023-02-15 14:06:47,183:INFO:SubProcess create_model() end ==================================
2023-02-15 14:06:47,233:INFO:create_model_container: 23
2023-02-15 14:06:47,234:INFO:master_model_container: 23
2023-02-15 14:06:47,234:INFO:display_container: 5
2023-02-15 14:06:47,235:INFO:LGBMRegressor(boosting_type='gbdt', class_weight=None, colsample_bytree=1.0,
              importance_type='split', learning_rate=0.2, max_depth=80,
              min_child_samples=20, min_child_weight=0.001, min_split_gain=0.0,
              n_estimators=100, n_jobs=-1, num_leaves=190, objective=None,
              random_state=2, reg_alpha=0.0, reg_lambda=0.0, silent='warn',
              subsample=1.0, subsample_for_bin=200000, subsample_freq=0)
2023-02-15 14:06:47,235:INFO:tune_model() succesfully completed......................................
2023-02-15 14:06:47,533:INFO:Initializing plot_model()
2023-02-15 14:06:47,533:INFO:plot_model(plot=residuals, fold=None, use_train_data=False, verbose=True, display=None, estimator=LGBMRegressor(boosting_type='gbdt', class_weight=None, colsample_bytree=1.0,
              importance_type='split', learning_rate=0.2, max_depth=80,
              min_child_samples=20, min_child_weight=0.001, min_split_gain=0.0,
              n_estimators=100, n_jobs=-1, num_leaves=190, objective=None,
              random_state=2, reg_alpha=0.0, reg_lambda=0.0, silent='warn',
              subsample=1.0, subsample_for_bin=200000, subsample_freq=0), feature_name=None, fit_kwargs=None, groups=None, label=False, save=False, scale=1, system=True)
2023-02-15 14:06:47,533:INFO:Checking exceptions
2023-02-15 14:06:47,533:INFO:Preparing display monitor
2023-02-15 14:06:47,540:INFO:Preloading libraries
2023-02-15 14:06:47,587:INFO:Copying training dataset
2023-02-15 14:06:47,588:INFO:Copying test dataset
2023-02-15 14:06:47,588:INFO:Plot type: residuals
2023-02-15 14:06:47,621:INFO:Fitting Model
2023-02-15 14:06:47,673:INFO:Scoring test/hold-out set
2023-02-15 14:06:48,245:INFO:Visual Rendered Successfully
2023-02-15 14:06:48,566:INFO:plot_model() succesfully completed......................................
